app/build/intermediates/manifest_merge_blame_file/debug/manifest-merger-blame-debug-report.txt
1<?xml version="1.0" encoding="utf-8"?>
2<manifest xmlns:android="http://schemas.android.com/apk/res/android"
3    package="com.example.savemymeal"
4    android:versionCode="1"
5    android:versionName="1.0" >
6
7    <uses-sdk
8        android:minSdkVersion="21"
8-->src\main\AndroidManifest.xml
9        android:targetSdkVersion="32" />
9-->src\main\AndroidManifest.xml
10
11    <application
11-->src\main\AndroidManifest.xml:5:5-66:19
12        android:allowBackup="true"
12-->src\main\AndroidManifest.xml:6:9-35
13        android:appComponentFactory="androidx.core.app.CoreComponentFactory"
13-->[androidx.core:core:1.5.0] AndroidManifest.xml:24:18-86
14        android:debuggable="true"
15        android:icon="@mipmap/ic_launcher"
15-->src\main\AndroidManifest.xml:7:9-43
16        android:label="@string/app_name"
16-->src\main\AndroidManifest.xml:8:9-41
17        android:roundIcon="@mipmap/ic_launcher_round"
17-->src\main\AndroidManifest.xml:9:9-54
18        android:supportsRtl="true"
18-->src\main\AndroidManifest.xml:10:9-35
19        android:testOnly="true"
20        android:theme="@style/Theme.SaveMyMeal" >
20-->src\main\AndroidManifest.xml:11:9-48
21        <activity
21-->src\main\AndroidManifest.xml:12:9-22:20
22            android:name="com.example.savemymeal.HomePage"
22-->src\main\AndroidManifest.xml:13:13-37
23            android:exported="true" >
23-->src\main\AndroidManifest.xml:14:13-36
24            <intent-filter>
24-->src\main\AndroidManifest.xml:15:13-18:29
25                <action android:name="android.intent.action.MAIN" />
25-->src\main\AndroidManifest.xml:16:17-69
25-->src\main\AndroidManifest.xml:16:25-66
26
27                <category android:name="android.intent.category.LAUNCHER" />
27-->src\main\AndroidManifest.xml:17:17-77
27-->src\main\AndroidManifest.xml:17:27-74
28            </intent-filter>
29
30            <meta-data
30-->src\main\AndroidManifest.xml:19:13-21:60
31                android:name="android.support.PARENT_ACTIVITY"
31-->src\main\AndroidManifest.xml:19:24-70
32                android:resource="@array/preloaded_fonts"
32-->src\main\AndroidManifest.xml:21:17-58
33                android:value=".HomePage" />
33-->src\main\AndroidManifest.xml:20:17-42
34        </activity>
35        <activity
35-->src\main\AndroidManifest.xml:23:9-29:20
36            android:name="com.example.savemymeal.ListaDeCompras"
36-->src\main\AndroidManifest.xml:23:19-49
37            android:label="Lista de Compras"
37-->src\main\AndroidManifest.xml:24:13-45
38            android:parentActivityName="com.example.savemymeal.HomePage" >
38-->src\main\AndroidManifest.xml:25:13-51
39            <meta-data
39-->src\main\AndroidManifest.xml:26:13-28:61
40                android:name="preloaded_fonts"
40-->src\main\AndroidManifest.xml:27:17-47
41                android:resource="@array/preloaded_fonts" />
41-->src\main\AndroidManifest.xml:28:17-58
42        </activity>
43        <activity
43-->src\main\AndroidManifest.xml:30:9-32:40
44            android:name="com.example.savemymeal.VegetablesActivity"
44-->src\main\AndroidManifest.xml:31:13-47
45            android:exported="false" />
45-->src\main\AndroidManifest.xml:32:13-37
46        <activity
46-->src\main\AndroidManifest.xml:33:9-40:20
47            android:name="com.example.savemymeal.DispensaActivity"
47-->src\main\AndroidManifest.xml:34:13-45
48            android:label="@string/text_dispensa_label"
48-->src\main\AndroidManifest.xml:35:13-56
49            android:parentActivityName="com.example.savemymeal.HomePage" >
49-->src\main\AndroidManifest.xml:36:13-51
50            <meta-data
50-->src\main\AndroidManifest.xml:19:13-21:60
51                android:name="android.support.PARENT_ACTIVITY"
51-->src\main\AndroidManifest.xml:19:24-70
52                android:value=".HomePage" />
52-->src\main\AndroidManifest.xml:20:17-42
53        </activity>
54        <activity
54-->src\main\AndroidManifest.xml:41:9-43:60
55            android:name="com.example.savemymeal.PopUp"
55-->src\main\AndroidManifest.xml:42:13-34
56            android:theme="@style/Theme.AppCompat.PopUp" />
56-->src\main\AndroidManifest.xml:43:13-57
57        <activity android:name="com.example.savemymeal.receipt_selection" >
57-->src\main\AndroidManifest.xml:44:9-48:20
57-->src\main\AndroidManifest.xml:44:19-52
58            <meta-data
58-->src\main\AndroidManifest.xml:19:13-21:60
59                android:name="android.support.PARENT_ACTIVITY"
59-->src\main\AndroidManifest.xml:19:24-70
60                android:value=".HomePage" />
60-->src\main\AndroidManifest.xml:20:17-42
61        </activity>
62        <activity android:name="com.example.savemymeal.Pop_receita_ovo" >
62-->src\main\AndroidManifest.xml:49:9-53:20
62-->src\main\AndroidManifest.xml:49:19-50
63            <meta-data
63-->src\main\AndroidManifest.xml:19:13-21:60
64                android:name="android.support.PARENT_ACTIVITY"
64-->src\main\AndroidManifest.xml:19:24-70
65                android:value=".receipt_selection" />
65-->src\main\AndroidManifest.xml:20:17-42
66        </activity>
67        <activity android:name="com.example.savemymeal.Pop_receita_salada_fruta" >
67-->src\main\AndroidManifest.xml:54:9-58:20
67-->src\main\AndroidManifest.xml:54:19-59
68            <meta-data
68-->src\main\AndroidManifest.xml:19:13-21:60
69                android:name="android.support.PARENT_ACTIVITY"
69-->src\main\AndroidManifest.xml:19:24-70
70                android:value=".receipt_selection" />
70-->src\main\AndroidManifest.xml:20:17-42
71        </activity>
72        <activity
72-->src\main\AndroidManifest.xml:59:9-62:20
73            android:name="com.example.savemymeal.SelectIngredient"
73-->src\main\AndroidManifest.xml:59:19-51
74            android:theme="@style/Theme.AppCompat.PopUp" >
74-->src\main\AndroidManifest.xml:60:13-57
75        </activity>
76
77        <meta-data
77-->src\main\AndroidManifest.xml:26:13-28:61
78            android:name="preloaded_fonts"
78-->src\main\AndroidManifest.xml:27:17-47
79            android:resource="@array/preloaded_fonts" />
79-->src\main\AndroidManifest.xml:28:17-58
80    </application>
81
82</manifest>